{"contracts/interfaces/IRewardEscrow.sol":{"l":{},"path":"/mnt/c/Users/Mick de Graaf/Documents/GitHub/dough-liquidity-mining/contracts/interfaces/IRewardEscrow.sol","s":{},"b":{},"f":{},"fnMap":{},"statementMap":{},"branchMap":{}},"contracts/IRewardDistributionRecipient.sol":{"l":{"12":0,"13":0,"20":0},"path":"/mnt/c/Users/Mick de Graaf/Documents/GitHub/dough-liquidity-mining/contracts/IRewardDistributionRecipient.sol","s":{"1":0,"2":0},"b":{"1":[0,0]},"f":{"1":0,"2":0},"fnMap":{"1":{"name":"onlyRewardDistribution","line":11,"loc":{"start":{"line":11,"column":4},"end":{"line":14,"column":4}}},"2":{"name":"setRewardDistribution","line":18,"loc":{"start":{"line":16,"column":4},"end":{"line":21,"column":4}}}},"statementMap":{"1":{"start":{"line":12,"column":8},"end":{"line":12,"column":87}},"2":{"start":{"line":20,"column":8},"end":{"line":20,"column":47}}},"branchMap":{"1":{"line":12,"type":"if","locations":[{"start":{"line":12,"column":8},"end":{"line":12,"column":8}},{"start":{"line":12,"column":8},"end":{"line":12,"column":8}}]}}},"contracts/libraries/FixedPointMath.sol":{"l":{"13":12,"14":12,"15":12,"19":0,"23":12,"24":12,"25":12,"29":0,"33":12,"34":12,"35":12,"39":0,"43":12,"44":12,"45":12,"49":12,"50":12,"54":46,"55":0,"58":46,"59":12,"62":34,"66":12},"path":"/mnt/c/Users/Mick de Graaf/Documents/GitHub/dough-liquidity-mining/contracts/libraries/FixedPointMath.sol","s":{"1":12,"2":12,"3":12,"4":0,"5":12,"6":12,"7":12,"8":0,"9":12,"10":12,"11":12,"12":0,"13":12,"14":12,"15":12,"16":12,"17":12,"18":46,"19":0,"20":46,"21":12,"22":34,"23":12},"b":{"1":[12,0],"2":[12,0],"3":[12,0],"4":[12,0],"5":[12,0],"6":[0,46],"7":[12,34]},"f":{"1":12,"2":0,"3":12,"4":0,"5":12,"6":0,"7":12,"8":12,"9":46,"10":12},"fnMap":{"1":{"name":"fromU256","line":12,"loc":{"start":{"line":12,"column":2},"end":{"line":16,"column":2}}},"2":{"name":"maximumValue","line":18,"loc":{"start":{"line":18,"column":2},"end":{"line":20,"column":2}}},"3":{"name":"add","line":22,"loc":{"start":{"line":22,"column":2},"end":{"line":26,"column":2}}},"4":{"name":"add","line":28,"loc":{"start":{"line":28,"column":2},"end":{"line":30,"column":2}}},"5":{"name":"sub","line":32,"loc":{"start":{"line":32,"column":2},"end":{"line":36,"column":2}}},"6":{"name":"sub","line":38,"loc":{"start":{"line":38,"column":2},"end":{"line":40,"column":2}}},"7":{"name":"mul","line":42,"loc":{"start":{"line":42,"column":2},"end":{"line":46,"column":2}}},"8":{"name":"div","line":48,"loc":{"start":{"line":48,"column":2},"end":{"line":51,"column":2}}},"9":{"name":"cmp","line":53,"loc":{"start":{"line":53,"column":2},"end":{"line":63,"column":2}}},"10":{"name":"decode","line":65,"loc":{"start":{"line":65,"column":2},"end":{"line":67,"column":2}}}},"statementMap":{"1":{"start":{"line":13,"column":4},"end":{"line":13,"column":13}},"2":{"start":{"line":14,"column":4},"end":{"line":14,"column":64}},"3":{"start":{"line":15,"column":4},"end":{"line":15,"column":22}},"4":{"start":{"line":19,"column":4},"end":{"line":19,"column":32}},"5":{"start":{"line":23,"column":4},"end":{"line":23,"column":13}},"6":{"start":{"line":24,"column":4},"end":{"line":24,"column":44}},"7":{"start":{"line":25,"column":4},"end":{"line":25,"column":22}},"8":{"start":{"line":29,"column":4},"end":{"line":29,"column":37}},"9":{"start":{"line":33,"column":4},"end":{"line":33,"column":13}},"10":{"start":{"line":34,"column":4},"end":{"line":34,"column":44}},"11":{"start":{"line":35,"column":4},"end":{"line":35,"column":22}},"12":{"start":{"line":39,"column":4},"end":{"line":39,"column":37}},"13":{"start":{"line":43,"column":4},"end":{"line":43,"column":13}},"14":{"start":{"line":44,"column":4},"end":{"line":44,"column":64}},"15":{"start":{"line":45,"column":4},"end":{"line":45,"column":22}},"16":{"start":{"line":49,"column":4},"end":{"line":49,"column":22}},"17":{"start":{"line":50,"column":4},"end":{"line":50,"column":35}},"18":{"start":{"line":54,"column":4},"end":{"line":54,"column":1695}},"19":{"start":{"line":55,"column":6},"end":{"line":55,"column":15}},"20":{"start":{"line":58,"column":4},"end":{"line":58,"column":1751}},"21":{"start":{"line":59,"column":6},"end":{"line":59,"column":14}},"22":{"start":{"line":62,"column":4},"end":{"line":62,"column":12}},"23":{"start":{"line":66,"column":4},"end":{"line":66,"column":26}}},"branchMap":{"1":{"line":14,"type":"if","locations":[{"start":{"line":14,"column":4},"end":{"line":14,"column":4}},{"start":{"line":14,"column":4},"end":{"line":14,"column":4}}]},"2":{"line":24,"type":"if","locations":[{"start":{"line":24,"column":4},"end":{"line":24,"column":4}},{"start":{"line":24,"column":4},"end":{"line":24,"column":4}}]},"3":{"line":34,"type":"if","locations":[{"start":{"line":34,"column":4},"end":{"line":34,"column":4}},{"start":{"line":34,"column":4},"end":{"line":34,"column":4}}]},"4":{"line":44,"type":"if","locations":[{"start":{"line":44,"column":4},"end":{"line":44,"column":4}},{"start":{"line":44,"column":4},"end":{"line":44,"column":4}}]},"5":{"line":49,"type":"if","locations":[{"start":{"line":49,"column":4},"end":{"line":49,"column":4}},{"start":{"line":49,"column":4},"end":{"line":49,"column":4}}]},"6":{"line":54,"type":"if","locations":[{"start":{"line":54,"column":4},"end":{"line":54,"column":4}},{"start":{"line":54,"column":4},"end":{"line":54,"column":4}}]},"7":{"line":58,"type":"if","locations":[{"start":{"line":58,"column":4},"end":{"line":58,"column":4}},{"start":{"line":58,"column":4},"end":{"line":58,"column":4}}]}}},"contracts/libraries/pools/Pool.sol":{"l":{"47":140,"48":140,"64":22,"76":227,"77":165,"80":62,"81":62,"82":41,"85":21,"86":21,"88":21,"89":9,"92":12,"93":12,"100":73,"109":341,"118":0,"127":0,"128":0,"135":416},"path":"/mnt/c/Users/Mick de Graaf/Documents/GitHub/dough-liquidity-mining/contracts/libraries/pools/Pool.sol","s":{"1":140,"2":140,"3":22,"4":227,"5":165,"6":62,"7":62,"8":41,"9":21,"10":21,"11":21,"12":9,"13":12,"14":12,"15":73,"16":341,"17":0,"18":0,"19":0,"20":416},"b":{"1":[165,62],"2":[41,21],"3":[9,12]},"f":{"1":140,"2":22,"3":227,"4":73,"5":341,"6":0,"7":0,"8":416},"fnMap":{"1":{"name":"update","line":46,"loc":{"start":{"line":46,"column":2},"end":{"line":49,"column":2}}},"2":{"name":"getRewardRate","line":56,"loc":{"start":{"line":56,"column":2},"end":{"line":65,"column":2}}},"3":{"name":"getUpdatedAccumulatedRewardWeight","line":72,"loc":{"start":{"line":72,"column":2},"end":{"line":94,"column":2}}},"4":{"name":"push","line":99,"loc":{"start":{"line":99,"column":2},"end":{"line":101,"column":2}}},"5":{"name":"get","line":108,"loc":{"start":{"line":108,"column":2},"end":{"line":110,"column":2}}},"6":{"name":"last","line":117,"loc":{"start":{"line":117,"column":2},"end":{"line":119,"column":2}}},"7":{"name":"lastIndex","line":126,"loc":{"start":{"line":126,"column":2},"end":{"line":129,"column":2}}},"8":{"name":"length","line":134,"loc":{"start":{"line":134,"column":2},"end":{"line":136,"column":2}}}},"statementMap":{"1":{"start":{"line":47,"column":4},"end":{"line":47,"column":80}},"2":{"start":{"line":48,"column":4},"end":{"line":48,"column":40}},"3":{"start":{"line":64,"column":4},"end":{"line":64,"column":78}},"4":{"start":{"line":76,"column":4},"end":{"line":76,"column":2298}},"5":{"start":{"line":77,"column":6},"end":{"line":77,"column":42}},"6":{"start":{"line":80,"column":4},"end":{"line":80,"column":67}},"7":{"start":{"line":81,"column":4},"end":{"line":81,"column":2460}},"8":{"start":{"line":82,"column":6},"end":{"line":82,"column":42}},"9":{"start":{"line":85,"column":4},"end":{"line":85,"column":51}},"10":{"start":{"line":86,"column":4},"end":{"line":86,"column":61}},"11":{"start":{"line":88,"column":4},"end":{"line":88,"column":2664}},"12":{"start":{"line":89,"column":6},"end":{"line":89,"column":42}},"13":{"start":{"line":92,"column":4},"end":{"line":92,"column":119}},"14":{"start":{"line":93,"column":4},"end":{"line":93,"column":59}},"15":{"start":{"line":100,"column":4},"end":{"line":100,"column":32}},"16":{"start":{"line":109,"column":4},"end":{"line":109,"column":33}},"17":{"start":{"line":118,"column":4},"end":{"line":118,"column":44}},"18":{"start":{"line":127,"column":4},"end":{"line":127,"column":36}},"19":{"start":{"line":128,"column":4},"end":{"line":128,"column":53}},"20":{"start":{"line":135,"column":4},"end":{"line":135,"column":32}}},"branchMap":{"1":{"line":76,"type":"if","locations":[{"start":{"line":76,"column":4},"end":{"line":76,"column":4}},{"start":{"line":76,"column":4},"end":{"line":76,"column":4}}]},"2":{"line":81,"type":"if","locations":[{"start":{"line":81,"column":4},"end":{"line":81,"column":4}},{"start":{"line":81,"column":4},"end":{"line":81,"column":4}}]},"3":{"line":88,"type":"if","locations":[{"start":{"line":88,"column":4},"end":{"line":88,"column":4}},{"start":{"line":88,"column":4},"end":{"line":88,"column":4}}]}}},"contracts/libraries/pools/Stake.sol":{"l":{"30":41,"31":41,"38":46,"39":46,"41":46,"42":34,"45":12,"50":12},"path":"/mnt/c/Users/Mick de Graaf/Documents/GitHub/dough-liquidity-mining/contracts/libraries/pools/Stake.sol","s":{"1":41,"2":41,"3":46,"4":46,"5":46,"6":34,"7":12,"8":12},"b":{"1":[34,12]},"f":{"1":41,"2":46},"fnMap":{"1":{"name":"update","line":29,"loc":{"start":{"line":29,"column":2},"end":{"line":32,"column":2}}},"2":{"name":"getUpdatedTotalUnclaimed","line":34,"loc":{"start":{"line":34,"column":2},"end":{"line":51,"column":2}}}},"statementMap":{"1":{"start":{"line":30,"column":4},"end":{"line":30,"column":69}},"2":{"start":{"line":31,"column":4},"end":{"line":31,"column":78}},"3":{"start":{"line":38,"column":4},"end":{"line":38,"column":108}},"4":{"start":{"line":39,"column":4},"end":{"line":39,"column":87}},"5":{"start":{"line":41,"column":4},"end":{"line":41,"column":1469}},"6":{"start":{"line":42,"column":6},"end":{"line":42,"column":33}},"7":{"start":{"line":45,"column":4},"end":{"line":45,"column":1596}},"8":{"start":{"line":50,"column":4},"end":{"line":50,"column":55}}},"branchMap":{"1":{"line":41,"type":"if","locations":[{"start":{"line":41,"column":4},"end":{"line":41,"column":4}},{"start":{"line":41,"column":4},"end":{"line":41,"column":4}}]}}},"contracts/mock/DoughMock.sol":{"l":{"8":0},"path":"/mnt/c/Users/Mick de Graaf/Documents/GitHub/dough-liquidity-mining/contracts/mock/DoughMock.sol","s":{"1":0},"b":{},"f":{"1":0},"fnMap":{"1":{"name":"constructor","line":7,"loc":{"start":{"line":7,"column":4},"end":{"line":9,"column":4}}}},"statementMap":{"1":{"start":{"line":8,"column":8},"end":{"line":8,"column":43}}},"branchMap":{}},"contracts/mock/ERC20Mock.sol":{"l":{"14":423,"18":98,"22":0},"path":"/mnt/c/Users/Mick de Graaf/Documents/GitHub/dough-liquidity-mining/contracts/mock/ERC20Mock.sol","s":{"1":423,"2":98,"3":0},"b":{},"f":{"1":423,"2":98,"3":0},"fnMap":{"1":{"name":"constructor","line":13,"loc":{"start":{"line":13,"column":2},"end":{"line":15,"column":2}}},"2":{"name":"mint","line":17,"loc":{"start":{"line":17,"column":2},"end":{"line":19,"column":2}}},"3":{"name":"burn","line":21,"loc":{"start":{"line":21,"column":2},"end":{"line":23,"column":2}}}},"statementMap":{"1":{"start":{"line":14,"column":4},"end":{"line":14,"column":28}},"2":{"start":{"line":18,"column":4},"end":{"line":18,"column":29}},"3":{"start":{"line":22,"column":4},"end":{"line":22,"column":27}}},"branchMap":{}},"contracts/mock/UniMock.sol":{"l":{"8":0},"path":"/mnt/c/Users/Mick de Graaf/Documents/GitHub/dough-liquidity-mining/contracts/mock/UniMock.sol","s":{"1":0},"b":{},"f":{"1":0},"fnMap":{"1":{"name":"constructor","line":7,"loc":{"start":{"line":7,"column":4},"end":{"line":9,"column":4}}}},"statementMap":{"1":{"start":{"line":8,"column":8},"end":{"line":8,"column":43}}},"branchMap":{}},"contracts/ReferralRewards.sol":{"l":{"20":0,"24":0,"28":0,"29":0,"30":0,"34":0,"35":0,"36":0,"40":0,"41":0,"42":0,"77":0,"78":0,"79":0,"80":0,"81":0,"83":0,"93":0,"94":0,"95":0,"96":0,"97":0,"98":0,"102":0,"106":0,"107":0,"109":0,"120":0,"129":0,"130":0,"131":0,"132":0,"136":0,"137":0,"138":0,"139":0,"143":0,"146":0,"147":0,"148":0,"153":0,"154":0,"155":0,"156":0,"160":0,"161":0,"165":0,"166":0,"167":0,"168":0,"169":0,"170":0,"171":0,"174":0,"176":0,"177":0,"179":0,"182":0,"183":0,"184":0,"185":0,"186":0,"195":0,"196":0,"198":0,"199":0,"200":0,"202":0,"203":0,"204":0,"208":0,"209":0,"213":0,"215":0,"217":0},"path":"/mnt/c/Users/Mick de Graaf/Documents/GitHub/dough-liquidity-mining/contracts/ReferralRewards.sol","s":{"1":0,"2":0,"3":0,"4":0,"5":0,"6":0,"7":0,"8":0,"9":0,"10":0,"11":0,"12":0,"13":0,"14":0,"15":0,"16":0,"17":0,"18":0,"19":0,"20":0,"21":0,"22":0,"23":0,"24":0,"25":0,"26":0,"27":0,"28":0,"29":0,"30":0,"31":0,"32":0,"33":0,"34":0,"35":0,"36":0,"37":0,"38":0,"39":0,"40":0,"41":0,"42":0,"43":0,"44":0,"45":0,"46":0,"47":0,"48":0,"49":0,"50":0,"51":0,"52":0,"53":0,"54":0,"55":0,"56":0,"57":0,"58":0,"59":0,"60":0,"61":0,"62":0,"63":0,"64":0,"65":0,"66":0,"67":0,"68":0,"69":0,"70":0,"71":0,"72":0,"73":0,"74":0},"b":{"1":[0,0],"2":[0,0],"3":[0,0],"4":[0,0],"5":[0,0],"6":[0,0],"7":[0,0],"8":[0,0],"9":[0,0],"10":[0,0],"11":[0,0],"12":[0,0],"13":[0,0]},"f":{"1":0,"2":0,"3":0,"4":0,"5":0,"6":0,"7":0,"8":0,"9":0,"10":0,"11":0,"12":0,"13":0,"14":0,"15":0,"16":0,"17":0,"18":0,"19":0},"fnMap":{"1":{"name":"totalSupply","line":19,"loc":{"start":{"line":19,"column":4},"end":{"line":21,"column":4}}},"2":{"name":"balanceOf","line":23,"loc":{"start":{"line":23,"column":4},"end":{"line":25,"column":4}}},"3":{"name":"stake","line":27,"loc":{"start":{"line":27,"column":4},"end":{"line":31,"column":4}}},"4":{"name":"stakeFor","line":33,"loc":{"start":{"line":33,"column":4},"end":{"line":37,"column":4}}},"5":{"name":"withdraw","line":39,"loc":{"start":{"line":39,"column":4},"end":{"line":43,"column":4}}},"6":{"name":"updateReward","line":76,"loc":{"start":{"line":76,"column":4},"end":{"line":84,"column":4}}},"7":{"name":"initialize","line":92,"loc":{"start":{"line":86,"column":4},"end":{"line":99,"column":4}}},"8":{"name":"lastTimeRewardApplicable","line":101,"loc":{"start":{"line":101,"column":4},"end":{"line":103,"column":4}}},"9":{"name":"rewardPerToken","line":105,"loc":{"start":{"line":105,"column":4},"end":{"line":117,"column":4}}},"10":{"name":"earned","line":119,"loc":{"start":{"line":119,"column":4},"end":{"line":125,"column":4}}},"11":{"name":"stake","line":128,"loc":{"start":{"line":128,"column":4},"end":{"line":133,"column":4}}},"12":{"name":"stakeFor","line":135,"loc":{"start":{"line":135,"column":4},"end":{"line":140,"column":4}}},"13":{"name":"stake","line":142,"loc":{"start":{"line":142,"column":4},"end":{"line":150,"column":4}}},"14":{"name":"withdraw","line":152,"loc":{"start":{"line":152,"column":4},"end":{"line":157,"column":4}}},"15":{"name":"exit","line":159,"loc":{"start":{"line":159,"column":4},"end":{"line":162,"column":4}}},"16":{"name":"getReward","line":164,"loc":{"start":{"line":164,"column":4},"end":{"line":188,"column":4}}},"17":{"name":"notifyRewardAmount","line":193,"loc":{"start":{"line":190,"column":4},"end":{"line":205,"column":4}}},"18":{"name":"setEscrowPercentage","line":207,"loc":{"start":{"line":207,"column":4},"end":{"line":210,"column":4}}},"19":{"name":"saveToken","line":212,"loc":{"start":{"line":212,"column":4},"end":{"line":218,"column":4}}}},"statementMap":{"1":{"start":{"line":20,"column":8},"end":{"line":20,"column":27}},"2":{"start":{"line":24,"column":8},"end":{"line":24,"column":33}},"3":{"start":{"line":28,"column":8},"end":{"line":28,"column":46}},"4":{"start":{"line":29,"column":8},"end":{"line":29,"column":64}},"5":{"start":{"line":30,"column":8},"end":{"line":30,"column":62}},"6":{"start":{"line":34,"column":8},"end":{"line":34,"column":46}},"7":{"start":{"line":35,"column":8},"end":{"line":35,"column":66}},"8":{"start":{"line":36,"column":8},"end":{"line":36,"column":62}},"9":{"start":{"line":40,"column":8},"end":{"line":40,"column":46}},"10":{"start":{"line":41,"column":8},"end":{"line":41,"column":64}},"11":{"start":{"line":42,"column":8},"end":{"line":42,"column":43}},"12":{"start":{"line":77,"column":8},"end":{"line":77,"column":46}},"13":{"start":{"line":78,"column":8},"end":{"line":78,"column":50}},"14":{"start":{"line":79,"column":8},"end":{"line":79,"column":2940}},"15":{"start":{"line":80,"column":12},"end":{"line":80,"column":45}},"16":{"start":{"line":81,"column":12},"end":{"line":81,"column":65}},"17":{"start":{"line":93,"column":8},"end":{"line":93,"column":37}},"18":{"start":{"line":94,"column":8},"end":{"line":94,"column":29}},"19":{"start":{"line":95,"column":8},"end":{"line":95,"column":26}},"20":{"start":{"line":96,"column":8},"end":{"line":96,"column":49}},"21":{"start":{"line":97,"column":8},"end":{"line":97,"column":19}},"22":{"start":{"line":98,"column":8},"end":{"line":98,"column":23}},"23":{"start":{"line":102,"column":8},"end":{"line":102,"column":54}},"24":{"start":{"line":106,"column":8},"end":{"line":106,"column":3742}},"25":{"start":{"line":107,"column":12},"end":{"line":107,"column":39}},"26":{"start":{"line":109,"column":8},"end":{"line":109,"column":3835}},"27":{"start":{"line":120,"column":8},"end":{"line":120,"column":4207}},"28":{"start":{"line":129,"column":8},"end":{"line":129,"column":44}},"29":{"start":{"line":130,"column":8},"end":{"line":130,"column":26}},"30":{"start":{"line":131,"column":8},"end":{"line":131,"column":53}},"31":{"start":{"line":132,"column":8},"end":{"line":132,"column":39}},"32":{"start":{"line":136,"column":8},"end":{"line":136,"column":44}},"33":{"start":{"line":137,"column":8},"end":{"line":137,"column":42}},"34":{"start":{"line":138,"column":8},"end":{"line":138,"column":53}},"35":{"start":{"line":139,"column":8},"end":{"line":139,"column":40}},"36":{"start":{"line":143,"column":8},"end":{"line":143,"column":20}},"37":{"start":{"line":146,"column":8},"end":{"line":146,"column":5160}},"38":{"start":{"line":147,"column":12},"end":{"line":147,"column":44}},"39":{"start":{"line":148,"column":12},"end":{"line":148,"column":50}},"40":{"start":{"line":153,"column":8},"end":{"line":153,"column":47}},"41":{"start":{"line":154,"column":8},"end":{"line":154,"column":29}},"42":{"start":{"line":155,"column":8},"end":{"line":155,"column":42}},"43":{"start":{"line":156,"column":8},"end":{"line":156,"column":53}},"44":{"start":{"line":160,"column":8},"end":{"line":160,"column":38}},"45":{"start":{"line":161,"column":8},"end":{"line":161,"column":18}},"46":{"start":{"line":165,"column":8},"end":{"line":165,"column":43}},"47":{"start":{"line":166,"column":8},"end":{"line":166,"column":5863}},"48":{"start":{"line":167,"column":12},"end":{"line":167,"column":34}},"49":{"start":{"line":168,"column":12},"end":{"line":168,"column":77}},"50":{"start":{"line":169,"column":12},"end":{"line":169,"column":6016}},"51":{"start":{"line":170,"column":16},"end":{"line":170,"column":72}},"52":{"start":{"line":171,"column":16},"end":{"line":171,"column":74}},"53":{"start":{"line":174,"column":12},"end":{"line":174,"column":66}},"54":{"start":{"line":176,"column":12},"end":{"line":176,"column":6297}},"55":{"start":{"line":177,"column":16},"end":{"line":177,"column":73}},"56":{"start":{"line":179,"column":12},"end":{"line":179,"column":47}},"57":{"start":{"line":182,"column":8},"end":{"line":182,"column":6486}},"58":{"start":{"line":183,"column":12},"end":{"line":183,"column":53}},"59":{"start":{"line":184,"column":12},"end":{"line":184,"column":79}},"60":{"start":{"line":185,"column":12},"end":{"line":185,"column":68}},"61":{"start":{"line":186,"column":12},"end":{"line":186,"column":69}},"62":{"start":{"line":195,"column":8},"end":{"line":195,"column":6980}},"63":{"start":{"line":196,"column":12},"end":{"line":196,"column":44}},"64":{"start":{"line":198,"column":12},"end":{"line":198,"column":65}},"65":{"start":{"line":199,"column":12},"end":{"line":199,"column":56}},"66":{"start":{"line":200,"column":12},"end":{"line":200,"column":58}},"67":{"start":{"line":202,"column":8},"end":{"line":202,"column":39}},"68":{"start":{"line":203,"column":8},"end":{"line":203,"column":51}},"69":{"start":{"line":204,"column":8},"end":{"line":204,"column":32}},"70":{"start":{"line":208,"column":8},"end":{"line":208,"column":63}},"71":{"start":{"line":209,"column":8},"end":{"line":209,"column":37}},"72":{"start":{"line":213,"column":8},"end":{"line":213,"column":83}},"73":{"start":{"line":215,"column":8},"end":{"line":215,"column":37}},"74":{"start":{"line":217,"column":8},"end":{"line":217,"column":106}}},"branchMap":{"1":{"line":79,"type":"if","locations":[{"start":{"line":79,"column":8},"end":{"line":79,"column":8}},{"start":{"line":79,"column":8},"end":{"line":79,"column":8}}]},"2":{"line":106,"type":"if","locations":[{"start":{"line":106,"column":8},"end":{"line":106,"column":8}},{"start":{"line":106,"column":8},"end":{"line":106,"column":8}}]},"3":{"line":129,"type":"if","locations":[{"start":{"line":129,"column":8},"end":{"line":129,"column":8}},{"start":{"line":129,"column":8},"end":{"line":129,"column":8}}]},"4":{"line":136,"type":"if","locations":[{"start":{"line":136,"column":8},"end":{"line":136,"column":8}},{"start":{"line":136,"column":8},"end":{"line":136,"column":8}}]},"5":{"line":146,"type":"if","locations":[{"start":{"line":146,"column":8},"end":{"line":146,"column":8}},{"start":{"line":146,"column":8},"end":{"line":146,"column":8}}]},"6":{"line":153,"type":"if","locations":[{"start":{"line":153,"column":8},"end":{"line":153,"column":8}},{"start":{"line":153,"column":8},"end":{"line":153,"column":8}}]},"7":{"line":166,"type":"if","locations":[{"start":{"line":166,"column":8},"end":{"line":166,"column":8}},{"start":{"line":166,"column":8},"end":{"line":166,"column":8}}]},"8":{"line":169,"type":"if","locations":[{"start":{"line":169,"column":12},"end":{"line":169,"column":12}},{"start":{"line":169,"column":12},"end":{"line":169,"column":12}}]},"9":{"line":176,"type":"if","locations":[{"start":{"line":176,"column":12},"end":{"line":176,"column":12}},{"start":{"line":176,"column":12},"end":{"line":176,"column":12}}]},"10":{"line":182,"type":"if","locations":[{"start":{"line":182,"column":8},"end":{"line":182,"column":8}},{"start":{"line":182,"column":8},"end":{"line":182,"column":8}}]},"11":{"line":195,"type":"if","locations":[{"start":{"line":195,"column":8},"end":{"line":195,"column":8}},{"start":{"line":195,"column":8},"end":{"line":195,"column":8}}]},"12":{"line":208,"type":"if","locations":[{"start":{"line":208,"column":8},"end":{"line":208,"column":8}},{"start":{"line":208,"column":8},"end":{"line":208,"column":8}}]},"13":{"line":213,"type":"if","locations":[{"start":{"line":213,"column":8},"end":{"line":213,"column":8}},{"start":{"line":213,"column":8},"end":{"line":213,"column":8}}]}}},"contracts/RewardEscrow.sol":{"l":{"81":67,"82":67,"83":67,"84":67,"97":0,"98":0,"105":0,"106":0,"113":0,"114":0,"127":0,"134":0,"145":0,"157":0,"168":0,"179":0,"190":0,"191":0,"192":0,"193":0,"196":0,"207":0,"208":0,"209":0,"211":0,"222":0,"233":0,"244":0,"245":0,"246":0,"247":0,"248":0,"249":0,"251":0,"271":0,"274":0,"275":0,"278":0,"279":0,"282":0,"284":0,"285":0,"289":0,"290":0,"294":0,"298":0,"300":0,"303":0,"304":0,"313":0,"314":0,"315":0,"316":0,"318":0,"319":0,"321":0,"322":0,"323":0,"326":0,"327":0,"330":0,"331":0,"332":0,"333":0,"334":0,"335":0,"336":0,"343":0,"344":0},"path":"/mnt/c/Users/Mick de Graaf/Documents/GitHub/dough-liquidity-mining/contracts/RewardEscrow.sol","s":{"1":67,"2":67,"3":67,"4":67,"5":0,"6":0,"7":0,"8":0,"9":0,"10":0,"11":0,"12":0,"13":0,"14":0,"15":0,"16":0,"17":0,"18":0,"19":0,"20":0,"21":0,"22":0,"23":0,"24":0,"25":0,"26":0,"27":0,"28":0,"29":0,"30":0,"31":0,"32":0,"33":0,"34":0,"35":0,"36":0,"37":0,"38":0,"39":0,"40":0,"41":0,"42":0,"43":0,"44":0,"45":0,"46":0,"47":0,"48":0,"49":0,"50":0,"51":0,"52":0,"53":0,"54":0,"55":0,"56":0,"57":0,"58":0,"59":0,"60":0,"61":0,"62":0,"63":0,"64":0,"65":0,"66":0},"b":{"1":[0,0],"2":[0,0],"3":[0,0],"4":[0,0],"5":[0,0],"6":[0,0],"7":[0,0],"8":[0,0],"9":[0,0],"10":[0,0],"11":[0,0],"12":[0,0]},"f":{"1":67,"2":0,"3":0,"4":0,"5":0,"6":0,"7":0,"8":0,"9":0,"10":0,"11":0,"12":0,"13":0,"14":0,"15":0,"16":0,"17":0,"18":0},"fnMap":{"1":{"name":"initialize","line":79,"loc":{"start":{"line":79,"column":4},"end":{"line":85,"column":4}}},"2":{"name":"setDough","line":95,"loc":{"start":{"line":93,"column":4},"end":{"line":99,"column":4}}},"3":{"name":"addRewardsContract","line":104,"loc":{"start":{"line":104,"column":4},"end":{"line":107,"column":4}}},"4":{"name":"removeRewardsContract","line":112,"loc":{"start":{"line":112,"column":4},"end":{"line":115,"column":4}}},"5":{"name":"balanceOf","line":122,"loc":{"start":{"line":122,"column":4},"end":{"line":128,"column":4}}},"6":{"name":"totalSupply","line":133,"loc":{"start":{"line":133,"column":4},"end":{"line":135,"column":4}}},"7":{"name":"numVestingEntries","line":140,"loc":{"start":{"line":140,"column":4},"end":{"line":146,"column":4}}},"8":{"name":"getVestingScheduleEntry","line":152,"loc":{"start":{"line":152,"column":4},"end":{"line":158,"column":4}}},"9":{"name":"getVestingTime","line":163,"loc":{"start":{"line":163,"column":4},"end":{"line":169,"column":4}}},"10":{"name":"getVestingQuantity","line":174,"loc":{"start":{"line":174,"column":4},"end":{"line":180,"column":4}}},"11":{"name":"getNextVestingIndex","line":185,"loc":{"start":{"line":185,"column":4},"end":{"line":197,"column":4}}},"12":{"name":"getNextVestingEntry","line":202,"loc":{"start":{"line":202,"column":4},"end":{"line":212,"column":4}}},"13":{"name":"getNextVestingTime","line":217,"loc":{"start":{"line":217,"column":4},"end":{"line":223,"column":4}}},"14":{"name":"getNextVestingQuantity","line":228,"loc":{"start":{"line":228,"column":4},"end":{"line":234,"column":4}}},"15":{"name":"checkAccountSchedule","line":239,"loc":{"start":{"line":239,"column":4},"end":{"line":252,"column":4}}},"16":{"name":"appendVestingEntry","line":268,"loc":{"start":{"line":266,"column":4},"end":{"line":305,"column":4}}},"17":{"name":"vest","line":310,"loc":{"start":{"line":310,"column":4},"end":{"line":338,"column":4}}},"18":{"name":"onlyRewardsContract","line":342,"loc":{"start":{"line":342,"column":4},"end":{"line":345,"column":4}}}},"statementMap":{"1":{"start":{"line":81,"column":8},"end":{"line":81,"column":29}},"2":{"start":{"line":82,"column":8},"end":{"line":82,"column":19}},"3":{"start":{"line":83,"column":8},"end":{"line":83,"column":23}},"4":{"start":{"line":84,"column":8},"end":{"line":84,"column":37}},"5":{"start":{"line":97,"column":8},"end":{"line":97,"column":29}},"6":{"start":{"line":98,"column":8},"end":{"line":98,"column":42}},"7":{"start":{"line":105,"column":8},"end":{"line":105,"column":47}},"8":{"start":{"line":106,"column":8},"end":{"line":106,"column":49}},"9":{"start":{"line":113,"column":8},"end":{"line":113,"column":48}},"10":{"start":{"line":114,"column":8},"end":{"line":114,"column":51}},"11":{"start":{"line":127,"column":8},"end":{"line":127,"column":51}},"12":{"start":{"line":134,"column":8},"end":{"line":134,"column":35}},"13":{"start":{"line":145,"column":8},"end":{"line":145,"column":47}},"14":{"start":{"line":157,"column":8},"end":{"line":157,"column":47}},"15":{"start":{"line":168,"column":8},"end":{"line":168,"column":65}},"16":{"start":{"line":179,"column":8},"end":{"line":179,"column":69}},"17":{"start":{"line":190,"column":8},"end":{"line":190,"column":45}},"18":{"start":{"line":191,"column":8},"end":{"line":191,"column":5734}},"19":{"start":{"line":192,"column":12},"end":{"line":192,"column":5784}},"20":{"start":{"line":193,"column":16},"end":{"line":193,"column":24}},"21":{"start":{"line":196,"column":8},"end":{"line":196,"column":18}},"22":{"start":{"line":207,"column":8},"end":{"line":207,"column":49}},"23":{"start":{"line":208,"column":8},"end":{"line":208,"column":6227}},"24":{"start":{"line":209,"column":12},"end":{"line":209,"column":31}},"25":{"start":{"line":211,"column":8},"end":{"line":211,"column":54}},"26":{"start":{"line":222,"column":8},"end":{"line":222,"column":55}},"27":{"start":{"line":233,"column":8},"end":{"line":233,"column":59}},"28":{"start":{"line":244,"column":8},"end":{"line":244,"column":32}},"29":{"start":{"line":245,"column":8},"end":{"line":245,"column":51}},"30":{"start":{"line":246,"column":8},"end":{"line":246,"column":7269}},"31":{"start":{"line":247,"column":12},"end":{"line":247,"column":69}},"32":{"start":{"line":248,"column":12},"end":{"line":248,"column":33}},"33":{"start":{"line":249,"column":12},"end":{"line":249,"column":37}},"34":{"start":{"line":251,"column":8},"end":{"line":251,"column":22}},"35":{"start":{"line":271,"column":8},"end":{"line":271,"column":56}},"36":{"start":{"line":274,"column":8},"end":{"line":274,"column":64}},"37":{"start":{"line":275,"column":8},"end":{"line":275,"column":145}},"38":{"start":{"line":278,"column":8},"end":{"line":278,"column":62}},"39":{"start":{"line":279,"column":8},"end":{"line":279,"column":85}},"40":{"start":{"line":282,"column":8},"end":{"line":282,"column":34}},"41":{"start":{"line":284,"column":8},"end":{"line":284,"column":9058}},"42":{"start":{"line":285,"column":12},"end":{"line":285,"column":58}},"43":{"start":{"line":289,"column":12},"end":{"line":289,"column":141}},"44":{"start":{"line":290,"column":12},"end":{"line":290,"column":100}},"45":{"start":{"line":294,"column":8},"end":{"line":294,"column":9688}},"46":{"start":{"line":298,"column":12},"end":{"line":298,"column":160}},"47":{"start":{"line":300,"column":12},"end":{"line":300,"column":59}},"48":{"start":{"line":303,"column":8},"end":{"line":303,"column":52}},"49":{"start":{"line":304,"column":8},"end":{"line":304,"column":56}},"50":{"start":{"line":313,"column":8},"end":{"line":313,"column":55}},"51":{"start":{"line":314,"column":8},"end":{"line":314,"column":18}},"52":{"start":{"line":315,"column":8},"end":{"line":315,"column":10481}},"53":{"start":{"line":316,"column":12},"end":{"line":316,"column":53}},"54":{"start":{"line":318,"column":12},"end":{"line":318,"column":10680}},"55":{"start":{"line":321,"column":12},"end":{"line":321,"column":56}},"56":{"start":{"line":322,"column":12},"end":{"line":322,"column":10809}},"57":{"start":{"line":326,"column":12},"end":{"line":326,"column":51}},"58":{"start":{"line":327,"column":12},"end":{"line":327,"column":33}},"59":{"start":{"line":330,"column":8},"end":{"line":330,"column":10979}},"60":{"start":{"line":331,"column":12},"end":{"line":331,"column":65}},"61":{"start":{"line":332,"column":12},"end":{"line":332,"column":103}},"62":{"start":{"line":333,"column":12},"end":{"line":333,"column":99}},"63":{"start":{"line":334,"column":12},"end":{"line":334,"column":48}},"64":{"start":{"line":335,"column":12},"end":{"line":335,"column":47}},"65":{"start":{"line":336,"column":12},"end":{"line":336,"column":56}},"66":{"start":{"line":343,"column":8},"end":{"line":343,"column":92}}},"branchMap":{"1":{"line":192,"type":"if","locations":[{"start":{"line":192,"column":12},"end":{"line":192,"column":12}},{"start":{"line":192,"column":12},"end":{"line":192,"column":12}}]},"2":{"line":208,"type":"if","locations":[{"start":{"line":208,"column":8},"end":{"line":208,"column":8}},{"start":{"line":208,"column":8},"end":{"line":208,"column":8}}]},"3":{"line":271,"type":"if","locations":[{"start":{"line":271,"column":8},"end":{"line":271,"column":8}},{"start":{"line":271,"column":8},"end":{"line":271,"column":8}}]},"4":{"line":275,"type":"if","locations":[{"start":{"line":275,"column":8},"end":{"line":275,"column":8}},{"start":{"line":275,"column":8},"end":{"line":275,"column":8}}]},"5":{"line":279,"type":"if","locations":[{"start":{"line":279,"column":8},"end":{"line":279,"column":8}},{"start":{"line":279,"column":8},"end":{"line":279,"column":8}}]},"6":{"line":284,"type":"if","locations":[{"start":{"line":284,"column":8},"end":{"line":284,"column":8}},{"start":{"line":284,"column":8},"end":{"line":284,"column":8}}]},"7":{"line":289,"type":"if","locations":[{"start":{"line":289,"column":12},"end":{"line":289,"column":12}},{"start":{"line":289,"column":12},"end":{"line":289,"column":12}}]},"8":{"line":294,"type":"if","locations":[{"start":{"line":294,"column":8},"end":{"line":294,"column":8}},{"start":{"line":294,"column":8},"end":{"line":294,"column":8}}]},"9":{"line":318,"type":"if","locations":[{"start":{"line":318,"column":12},"end":{"line":318,"column":12}},{"start":{"line":318,"column":12},"end":{"line":318,"column":12}}]},"10":{"line":322,"type":"if","locations":[{"start":{"line":322,"column":12},"end":{"line":322,"column":12}},{"start":{"line":322,"column":12},"end":{"line":322,"column":12}}]},"11":{"line":330,"type":"if","locations":[{"start":{"line":330,"column":8},"end":{"line":330,"column":8}},{"start":{"line":330,"column":8},"end":{"line":330,"column":8}}]},"12":{"line":343,"type":"if","locations":[{"start":{"line":343,"column":8},"end":{"line":343,"column":8}},{"start":{"line":343,"column":8},"end":{"line":343,"column":8}}]}}},"contracts/StakingPools.sol":{"l":{"137":74,"139":73,"140":72,"141":71,"142":70,"143":69,"145":68,"146":68,"147":68,"148":68,"149":68,"154":150,"155":143,"164":5,"165":4,"167":4,"171":3,"173":2,"174":2,"176":2,"185":12,"187":12,"189":12,"200":74,"202":73,"204":73,"214":73,"216":73,"218":73,"225":32,"227":31,"229":31,"230":31,"231":48,"233":48,"234":48,"235":6,"239":42,"240":42,"242":42,"245":31,"252":9,"254":8,"256":8,"257":20,"259":20,"261":19,"262":19,"263":6,"266":13,"267":13,"275":9,"277":8,"279":8,"280":20,"282":20,"284":19,"285":19,"286":6,"289":13,"290":13,"298":2,"299":1,"300":1,"308":28,"309":28,"311":28,"312":28,"314":28,"322":3,"323":3,"325":3,"326":3,"328":3,"329":3,"338":4,"339":4,"341":4,"342":4,"344":4,"351":3,"352":3,"354":3,"355":3,"357":3,"364":3,"365":3,"367":3,"368":3,"370":3,"371":3,"378":1,"385":2,"392":2,"401":3,"402":3,"411":21,"412":21,"421":12,"422":12,"431":12,"432":12,"441":12,"442":12,"451":1,"452":1,"462":21,"463":21,"473":5,"474":5,"479":59,"480":99,"481":99,"492":28,"493":28,"495":28,"496":28,"498":28,"500":28,"510":9,"511":9,"513":9,"514":9,"516":9,"517":9,"518":0,"521":9,"522":9,"523":9,"526":9,"537":10,"538":10,"540":10,"541":10,"543":10,"545":10,"547":0,"548":0,"551":10,"553":10,"554":4,"557":10,"561":0,"565":0},"path":"/mnt/c/Users/Mick de Graaf/Documents/GitHub/dough-liquidity-mining/contracts/StakingPools.sol","s":{"1":74,"2":73,"3":72,"4":71,"5":70,"6":69,"7":68,"8":68,"9":68,"10":68,"11":68,"12":150,"13":5,"14":4,"15":4,"16":3,"17":2,"18":2,"19":2,"20":12,"21":12,"22":12,"23":74,"24":73,"25":73,"26":73,"27":73,"28":73,"29":32,"30":31,"31":31,"32":31,"33":48,"34":48,"35":48,"36":42,"37":42,"38":42,"39":31,"40":9,"41":8,"42":8,"43":20,"44":20,"45":19,"46":19,"47":13,"48":13,"49":9,"50":8,"51":8,"52":20,"53":20,"54":19,"55":19,"56":13,"57":13,"58":2,"59":1,"60":1,"61":28,"62":28,"63":28,"64":28,"65":28,"66":3,"67":3,"68":3,"69":3,"70":3,"71":3,"72":4,"73":4,"74":4,"75":4,"76":4,"77":3,"78":3,"79":3,"80":3,"81":3,"82":3,"83":3,"84":3,"85":3,"86":3,"87":3,"88":1,"89":2,"90":2,"91":3,"92":3,"93":21,"94":21,"95":12,"96":12,"97":12,"98":12,"99":12,"100":12,"101":1,"102":1,"103":21,"104":21,"105":5,"106":5,"107":59,"108":99,"109":99,"110":28,"111":28,"112":28,"113":28,"114":28,"115":28,"116":9,"117":9,"118":9,"119":9,"120":9,"121":9,"122":0,"123":9,"124":9,"125":9,"126":9,"127":10,"128":10,"129":10,"130":10,"131":10,"132":10,"133":0,"134":0,"135":10,"136":10,"137":4,"138":10,"139":0,"140":0},"b":{"1":[73,1],"2":[72,1],"3":[71,1],"4":[70,1],"5":[69,1],"6":[68,1],"7":[143,7],"8":[4,1],"9":[2,1],"10":[73,1],"11":[31,1],"12":[6,42],"13":[8,1],"14":[19,1],"15":[6,13],"16":[8,1],"17":[19,1],"18":[6,13],"19":[1,1],"20":[0,9],"21":[9,0],"22":[0,10],"23":[4,6]},"f":{"1":74,"2":150,"3":5,"4":3,"5":12,"6":74,"7":32,"8":9,"9":9,"10":2,"11":28,"12":3,"13":4,"14":3,"15":3,"16":1,"17":2,"18":2,"19":3,"20":21,"21":12,"22":12,"23":12,"24":1,"25":21,"26":5,"27":59,"28":28,"29":9,"30":10,"31":0,"32":0},"fnMap":{"1":{"name":"initialize","line":130,"loc":{"start":{"line":130,"column":2},"end":{"line":150,"column":2}}},"2":{"name":"onlyGovernance","line":153,"loc":{"start":{"line":153,"column":2},"end":{"line":156,"column":2}}},"3":{"name":"setPendingGovernance","line":163,"loc":{"start":{"line":163,"column":2},"end":{"line":168,"column":2}}},"4":{"name":"acceptGovernance","line":170,"loc":{"start":{"line":170,"column":2},"end":{"line":177,"column":2}}},"5":{"name":"setRewardRate","line":184,"loc":{"start":{"line":184,"column":2},"end":{"line":190,"column":2}}},"6":{"name":"createPool","line":199,"loc":{"start":{"line":199,"column":2},"end":{"line":219,"column":2}}},"7":{"name":"setRewardWeights","line":224,"loc":{"start":{"line":224,"column":2},"end":{"line":246,"column":2}}},"8":{"name":"setEscrowPercentages","line":251,"loc":{"start":{"line":251,"column":2},"end":{"line":269,"column":2}}},"9":{"name":"setExitFeePercentages","line":274,"loc":{"start":{"line":274,"column":2},"end":{"line":292,"column":2}}},"10":{"name":"setExitFeeReceiver","line":297,"loc":{"start":{"line":297,"column":2},"end":{"line":301,"column":2}}},"11":{"name":"deposit","line":307,"loc":{"start":{"line":307,"column":2},"end":{"line":315,"column":2}}},"12":{"name":"withdraw","line":321,"loc":{"start":{"line":321,"column":2},"end":{"line":330,"column":2}}},"13":{"name":"claim","line":337,"loc":{"start":{"line":337,"column":2},"end":{"line":345,"column":2}}},"14":{"name":"emergencyExit","line":350,"loc":{"start":{"line":350,"column":2},"end":{"line":358,"column":2}}},"15":{"name":"exit","line":363,"loc":{"start":{"line":363,"column":2},"end":{"line":372,"column":2}}},"16":{"name":"rewardRate","line":377,"loc":{"start":{"line":377,"column":2},"end":{"line":379,"column":2}}},"17":{"name":"totalRewardWeight","line":384,"loc":{"start":{"line":384,"column":2},"end":{"line":386,"column":2}}},"18":{"name":"poolCount","line":391,"loc":{"start":{"line":391,"column":2},"end":{"line":393,"column":2}}},"19":{"name":"getPoolToken","line":400,"loc":{"start":{"line":400,"column":2},"end":{"line":403,"column":2}}},"20":{"name":"getPoolTotalDeposited","line":410,"loc":{"start":{"line":410,"column":2},"end":{"line":413,"column":2}}},"21":{"name":"getPoolRewardWeight","line":420,"loc":{"start":{"line":420,"column":2},"end":{"line":423,"column":2}}},"22":{"name":"getPoolEscrowPercentage","line":430,"loc":{"start":{"line":430,"column":2},"end":{"line":433,"column":2}}},"23":{"name":"getPoolExitFeePercentage","line":440,"loc":{"start":{"line":440,"column":2},"end":{"line":443,"column":2}}},"24":{"name":"getPoolRewardRate","line":450,"loc":{"start":{"line":450,"column":2},"end":{"line":453,"column":2}}},"25":{"name":"getStakeTotalDeposited","line":461,"loc":{"start":{"line":461,"column":2},"end":{"line":464,"column":2}}},"26":{"name":"getStakeTotalUnclaimed","line":472,"loc":{"start":{"line":472,"column":2},"end":{"line":475,"column":2}}},"27":{"name":"_updatePools","line":478,"loc":{"start":{"line":478,"column":2},"end":{"line":483,"column":2}}},"28":{"name":"_deposit","line":491,"loc":{"start":{"line":491,"column":2},"end":{"line":501,"column":2}}},"29":{"name":"_withdraw","line":509,"loc":{"start":{"line":509,"column":2},"end":{"line":527,"column":2}}},"30":{"name":"_claim","line":536,"loc":{"start":{"line":536,"column":2},"end":{"line":558,"column":2}}},"31":{"name":"saveToken","line":560,"loc":{"start":{"line":560,"column":2},"end":{"line":562,"column":2}}},"32":{"name":"saveEth","line":564,"loc":{"start":{"line":564,"column":2},"end":{"line":566,"column":2}}}},"statementMap":{"1":{"start":{"line":137,"column":4},"end":{"line":137,"column":78}},"2":{"start":{"line":139,"column":4},"end":{"line":139,"column":88}},"3":{"start":{"line":140,"column":4},"end":{"line":140,"column":101}},"4":{"start":{"line":141,"column":4},"end":{"line":141,"column":100}},"5":{"start":{"line":142,"column":4},"end":{"line":142,"column":93}},"6":{"start":{"line":143,"column":4},"end":{"line":143,"column":87}},"7":{"start":{"line":145,"column":4},"end":{"line":145,"column":19}},"8":{"start":{"line":146,"column":4},"end":{"line":146,"column":31}},"9":{"start":{"line":147,"column":4},"end":{"line":147,"column":31}},"10":{"start":{"line":148,"column":4},"end":{"line":148,"column":27}},"11":{"start":{"line":149,"column":4},"end":{"line":149,"column":37}},"12":{"start":{"line":154,"column":4},"end":{"line":154,"column":69}},"13":{"start":{"line":164,"column":4},"end":{"line":164,"column":102}},"14":{"start":{"line":165,"column":4},"end":{"line":165,"column":41}},"15":{"start":{"line":167,"column":4},"end":{"line":167,"column":53}},"16":{"start":{"line":171,"column":4},"end":{"line":171,"column":84}},"17":{"start":{"line":173,"column":4},"end":{"line":173,"column":50}},"18":{"start":{"line":174,"column":4},"end":{"line":174,"column":34}},"19":{"start":{"line":176,"column":4},"end":{"line":176,"column":46}},"20":{"start":{"line":185,"column":4},"end":{"line":185,"column":17}},"21":{"start":{"line":187,"column":4},"end":{"line":187,"column":32}},"22":{"start":{"line":189,"column":4},"end":{"line":189,"column":39}},"23":{"start":{"line":200,"column":4},"end":{"line":200,"column":79}},"24":{"start":{"line":202,"column":4},"end":{"line":202,"column":37}},"25":{"start":{"line":204,"column":4},"end":{"line":204,"column":7422}},"26":{"start":{"line":214,"column":4},"end":{"line":214,"column":37}},"27":{"start":{"line":216,"column":4},"end":{"line":216,"column":37}},"28":{"start":{"line":218,"column":4},"end":{"line":218,"column":18}},"29":{"start":{"line":225,"column":4},"end":{"line":225,"column":93}},"30":{"start":{"line":227,"column":4},"end":{"line":227,"column":17}},"31":{"start":{"line":229,"column":4},"end":{"line":229,"column":55}},"32":{"start":{"line":230,"column":4},"end":{"line":230,"column":8204}},"33":{"start":{"line":231,"column":6},"end":{"line":231,"column":51}},"34":{"start":{"line":233,"column":6},"end":{"line":233,"column":55}},"35":{"start":{"line":234,"column":6},"end":{"line":234,"column":8393}},"36":{"start":{"line":239,"column":6},"end":{"line":239,"column":99}},"37":{"start":{"line":240,"column":6},"end":{"line":240,"column":49}},"38":{"start":{"line":242,"column":6},"end":{"line":242,"column":68}},"39":{"start":{"line":245,"column":4},"end":{"line":245,"column":46}},"40":{"start":{"line":252,"column":6},"end":{"line":252,"column":110}},"41":{"start":{"line":254,"column":6},"end":{"line":254,"column":19}},"42":{"start":{"line":256,"column":6},"end":{"line":256,"column":9164}},"43":{"start":{"line":257,"column":8},"end":{"line":257,"column":54}},"44":{"start":{"line":259,"column":8},"end":{"line":259,"column":108}},"45":{"start":{"line":261,"column":8},"end":{"line":261,"column":65}},"46":{"start":{"line":262,"column":8},"end":{"line":262,"column":9481}},"47":{"start":{"line":266,"column":8},"end":{"line":266,"column":59}},"48":{"start":{"line":267,"column":8},"end":{"line":267,"column":78}},"49":{"start":{"line":275,"column":6},"end":{"line":275,"column":113}},"50":{"start":{"line":277,"column":6},"end":{"line":277,"column":19}},"51":{"start":{"line":279,"column":6},"end":{"line":279,"column":10111}},"52":{"start":{"line":280,"column":8},"end":{"line":280,"column":54}},"53":{"start":{"line":282,"column":8},"end":{"line":282,"column":111}},"54":{"start":{"line":284,"column":8},"end":{"line":284,"column":67}},"55":{"start":{"line":285,"column":8},"end":{"line":285,"column":10433}},"56":{"start":{"line":289,"column":8},"end":{"line":289,"column":61}},"57":{"start":{"line":290,"column":8},"end":{"line":290,"column":80}},"58":{"start":{"line":298,"column":4},"end":{"line":298,"column":99}},"59":{"start":{"line":299,"column":4},"end":{"line":299,"column":37}},"60":{"start":{"line":300,"column":4},"end":{"line":300,"column":49}},"61":{"start":{"line":308,"column":4},"end":{"line":308,"column":49}},"62":{"start":{"line":309,"column":4},"end":{"line":309,"column":21}},"63":{"start":{"line":311,"column":4},"end":{"line":311,"column":60}},"64":{"start":{"line":312,"column":4},"end":{"line":312,"column":29}},"65":{"start":{"line":314,"column":4},"end":{"line":314,"column":36}},"66":{"start":{"line":322,"column":4},"end":{"line":322,"column":49}},"67":{"start":{"line":323,"column":4},"end":{"line":323,"column":21}},"68":{"start":{"line":325,"column":4},"end":{"line":325,"column":60}},"69":{"start":{"line":326,"column":4},"end":{"line":326,"column":29}},"70":{"start":{"line":328,"column":4},"end":{"line":328,"column":18}},"71":{"start":{"line":329,"column":4},"end":{"line":329,"column":38}},"72":{"start":{"line":338,"column":4},"end":{"line":338,"column":49}},"73":{"start":{"line":339,"column":4},"end":{"line":339,"column":21}},"74":{"start":{"line":341,"column":4},"end":{"line":341,"column":60}},"75":{"start":{"line":342,"column":4},"end":{"line":342,"column":29}},"76":{"start":{"line":344,"column":4},"end":{"line":344,"column":18}},"77":{"start":{"line":351,"column":4},"end":{"line":351,"column":49}},"78":{"start":{"line":352,"column":4},"end":{"line":352,"column":21}},"79":{"start":{"line":354,"column":4},"end":{"line":354,"column":60}},"80":{"start":{"line":355,"column":4},"end":{"line":355,"column":29}},"81":{"start":{"line":357,"column":4},"end":{"line":357,"column":44}},"82":{"start":{"line":364,"column":4},"end":{"line":364,"column":49}},"83":{"start":{"line":365,"column":4},"end":{"line":365,"column":21}},"84":{"start":{"line":367,"column":4},"end":{"line":367,"column":60}},"85":{"start":{"line":368,"column":4},"end":{"line":368,"column":29}},"86":{"start":{"line":370,"column":4},"end":{"line":370,"column":18}},"87":{"start":{"line":371,"column":4},"end":{"line":371,"column":44}},"88":{"start":{"line":378,"column":4},"end":{"line":378,"column":26}},"89":{"start":{"line":385,"column":4},"end":{"line":385,"column":33}},"90":{"start":{"line":392,"column":4},"end":{"line":392,"column":26}},"91":{"start":{"line":401,"column":4},"end":{"line":401,"column":49}},"92":{"start":{"line":402,"column":4},"end":{"line":402,"column":22}},"93":{"start":{"line":411,"column":4},"end":{"line":411,"column":49}},"94":{"start":{"line":412,"column":4},"end":{"line":412,"column":31}},"95":{"start":{"line":421,"column":4},"end":{"line":421,"column":49}},"96":{"start":{"line":422,"column":4},"end":{"line":422,"column":29}},"97":{"start":{"line":431,"column":4},"end":{"line":431,"column":49}},"98":{"start":{"line":432,"column":4},"end":{"line":432,"column":33}},"99":{"start":{"line":441,"column":4},"end":{"line":441,"column":49}},"100":{"start":{"line":442,"column":4},"end":{"line":442,"column":34}},"101":{"start":{"line":451,"column":4},"end":{"line":451,"column":49}},"102":{"start":{"line":452,"column":4},"end":{"line":452,"column":36}},"103":{"start":{"line":462,"column":4},"end":{"line":462,"column":58}},"104":{"start":{"line":463,"column":4},"end":{"line":463,"column":32}},"105":{"start":{"line":473,"column":4},"end":{"line":473,"column":58}},"106":{"start":{"line":474,"column":4},"end":{"line":474,"column":69}},"107":{"start":{"line":479,"column":4},"end":{"line":479,"column":17354}},"108":{"start":{"line":480,"column":6},"end":{"line":480,"column":51}},"109":{"start":{"line":481,"column":6},"end":{"line":481,"column":23}},"110":{"start":{"line":492,"column":4},"end":{"line":492,"column":49}},"111":{"start":{"line":493,"column":4},"end":{"line":493,"column":60}},"112":{"start":{"line":495,"column":4},"end":{"line":495,"column":66}},"113":{"start":{"line":496,"column":4},"end":{"line":496,"column":68}},"114":{"start":{"line":498,"column":4},"end":{"line":498,"column":74}},"115":{"start":{"line":500,"column":4},"end":{"line":500,"column":61}},"116":{"start":{"line":510,"column":4},"end":{"line":510,"column":49}},"117":{"start":{"line":511,"column":4},"end":{"line":511,"column":60}},"118":{"start":{"line":513,"column":4},"end":{"line":513,"column":67}},"119":{"start":{"line":514,"column":4},"end":{"line":514,"column":69}},"120":{"start":{"line":516,"column":4},"end":{"line":516,"column":83}},"121":{"start":{"line":517,"column":4},"end":{"line":517,"column":18950}},"122":{"start":{"line":518,"column":6},"end":{"line":518,"column":62}},"123":{"start":{"line":521,"column":4},"end":{"line":521,"column":72}},"124":{"start":{"line":522,"column":4},"end":{"line":522,"column":19130}},"125":{"start":{"line":523,"column":6},"end":{"line":523,"column":65}},"126":{"start":{"line":526,"column":4},"end":{"line":526,"column":62}},"127":{"start":{"line":537,"column":4},"end":{"line":537,"column":60}},"128":{"start":{"line":538,"column":4},"end":{"line":538,"column":49}},"129":{"start":{"line":540,"column":4},"end":{"line":540,"column":48}},"130":{"start":{"line":541,"column":4},"end":{"line":541,"column":28}},"131":{"start":{"line":543,"column":4},"end":{"line":543,"column":80}},"132":{"start":{"line":545,"column":4},"end":{"line":545,"column":19937}},"133":{"start":{"line":547,"column":8},"end":{"line":547,"column":84}},"134":{"start":{"line":548,"column":8},"end":{"line":548,"column":67}},"135":{"start":{"line":551,"column":4},"end":{"line":551,"column":66}},"136":{"start":{"line":553,"column":4},"end":{"line":553,"column":20227}},"137":{"start":{"line":554,"column":8},"end":{"line":554,"column":76}},"138":{"start":{"line":557,"column":4},"end":{"line":557,"column":57}},"139":{"start":{"line":561,"column":4},"end":{"line":561,"column":40}},"140":{"start":{"line":565,"column":4},"end":{"line":565,"column":31}}},"branchMap":{"1":{"line":137,"type":"if","locations":[{"start":{"line":137,"column":4},"end":{"line":137,"column":4}},{"start":{"line":137,"column":4},"end":{"line":137,"column":4}}]},"2":{"line":139,"type":"if","locations":[{"start":{"line":139,"column":4},"end":{"line":139,"column":4}},{"start":{"line":139,"column":4},"end":{"line":139,"column":4}}]},"3":{"line":140,"type":"if","locations":[{"start":{"line":140,"column":4},"end":{"line":140,"column":4}},{"start":{"line":140,"column":4},"end":{"line":140,"column":4}}]},"4":{"line":141,"type":"if","locations":[{"start":{"line":141,"column":4},"end":{"line":141,"column":4}},{"start":{"line":141,"column":4},"end":{"line":141,"column":4}}]},"5":{"line":142,"type":"if","locations":[{"start":{"line":142,"column":4},"end":{"line":142,"column":4}},{"start":{"line":142,"column":4},"end":{"line":142,"column":4}}]},"6":{"line":143,"type":"if","locations":[{"start":{"line":143,"column":4},"end":{"line":143,"column":4}},{"start":{"line":143,"column":4},"end":{"line":143,"column":4}}]},"7":{"line":154,"type":"if","locations":[{"start":{"line":154,"column":4},"end":{"line":154,"column":4}},{"start":{"line":154,"column":4},"end":{"line":154,"column":4}}]},"8":{"line":164,"type":"if","locations":[{"start":{"line":164,"column":4},"end":{"line":164,"column":4}},{"start":{"line":164,"column":4},"end":{"line":164,"column":4}}]},"9":{"line":171,"type":"if","locations":[{"start":{"line":171,"column":4},"end":{"line":171,"column":4}},{"start":{"line":171,"column":4},"end":{"line":171,"column":4}}]},"10":{"line":200,"type":"if","locations":[{"start":{"line":200,"column":4},"end":{"line":200,"column":4}},{"start":{"line":200,"column":4},"end":{"line":200,"column":4}}]},"11":{"line":225,"type":"if","locations":[{"start":{"line":225,"column":4},"end":{"line":225,"column":4}},{"start":{"line":225,"column":4},"end":{"line":225,"column":4}}]},"12":{"line":234,"type":"if","locations":[{"start":{"line":234,"column":6},"end":{"line":234,"column":6}},{"start":{"line":234,"column":6},"end":{"line":234,"column":6}}]},"13":{"line":252,"type":"if","locations":[{"start":{"line":252,"column":6},"end":{"line":252,"column":6}},{"start":{"line":252,"column":6},"end":{"line":252,"column":6}}]},"14":{"line":259,"type":"if","locations":[{"start":{"line":259,"column":8},"end":{"line":259,"column":8}},{"start":{"line":259,"column":8},"end":{"line":259,"column":8}}]},"15":{"line":262,"type":"if","locations":[{"start":{"line":262,"column":8},"end":{"line":262,"column":8}},{"start":{"line":262,"column":8},"end":{"line":262,"column":8}}]},"16":{"line":275,"type":"if","locations":[{"start":{"line":275,"column":6},"end":{"line":275,"column":6}},{"start":{"line":275,"column":6},"end":{"line":275,"column":6}}]},"17":{"line":282,"type":"if","locations":[{"start":{"line":282,"column":8},"end":{"line":282,"column":8}},{"start":{"line":282,"column":8},"end":{"line":282,"column":8}}]},"18":{"line":285,"type":"if","locations":[{"start":{"line":285,"column":8},"end":{"line":285,"column":8}},{"start":{"line":285,"column":8},"end":{"line":285,"column":8}}]},"19":{"line":298,"type":"if","locations":[{"start":{"line":298,"column":4},"end":{"line":298,"column":4}},{"start":{"line":298,"column":4},"end":{"line":298,"column":4}}]},"20":{"line":517,"type":"if","locations":[{"start":{"line":517,"column":4},"end":{"line":517,"column":4}},{"start":{"line":517,"column":4},"end":{"line":517,"column":4}}]},"21":{"line":522,"type":"if","locations":[{"start":{"line":522,"column":4},"end":{"line":522,"column":4}},{"start":{"line":522,"column":4},"end":{"line":522,"column":4}}]},"22":{"line":545,"type":"if","locations":[{"start":{"line":545,"column":4},"end":{"line":545,"column":4}},{"start":{"line":545,"column":4},"end":{"line":545,"column":4}}]},"23":{"line":553,"type":"if","locations":[{"start":{"line":553,"column":4},"end":{"line":553,"column":4}},{"start":{"line":553,"column":4},"end":{"line":553,"column":4}}]}}},"contracts/VestingPusher.sol":{"l":{"11":0,"12":0,"16":0,"18":0,"20":0},"path":"/mnt/c/Users/Mick de Graaf/Documents/GitHub/dough-liquidity-mining/contracts/VestingPusher.sol","s":{"1":0,"2":0,"3":0,"4":0,"5":0},"b":{"1":[0,0]},"f":{"1":0,"2":0},"fnMap":{"1":{"name":"constructor","line":10,"loc":{"start":{"line":10,"column":4},"end":{"line":13,"column":4}}},"2":{"name":"addVesting","line":15,"loc":{"start":{"line":15,"column":4},"end":{"line":22,"column":4}}}},"statementMap":{"1":{"start":{"line":11,"column":8},"end":{"line":11,"column":37}},"2":{"start":{"line":12,"column":8},"end":{"line":12,"column":49}},"3":{"start":{"line":16,"column":8},"end":{"line":16,"column":77}},"4":{"start":{"line":18,"column":8},"end":{"line":18,"column":589}},"5":{"start":{"line":20,"column":12},"end":{"line":20,"column":70}}},"branchMap":{"1":{"line":16,"type":"if","locations":[{"start":{"line":16,"column":8},"end":{"line":16,"column":8}},{"start":{"line":16,"column":8},"end":{"line":16,"column":8}}]}}}}